<?xml version="1.0" encoding="UTF-8"?>
<testsuite xmlns:xsi="http://www.w3.org/2001/XMLSchema-instance" xsi:noNamespaceSchemaLocation="https://maven.apache.org/surefire/maven-surefire-plugin/xsd/surefire-test-report.xsd" name="agri.com.AppTest" time="6.701" tests="1" errors="0" skipped="0" failures="0">
  <properties>
    <property name="java.specification.version" value="13"/>
    <property name="sun.cpu.isalist" value="amd64"/>
    <property name="sun.jnu.encoding" value="Cp1252"/>
    <property name="java.class.path" value="C:\Users\VIVEK\Desktop\SNREDDY\agriculture-backend\target\test-classes;C:\Users\VIVEK\Desktop\SNREDDY\agriculture-backend\target\classes;C:\Users\VIVEK\Desktop\SNREDDY\agriculture-frontend\target\agriculture-frontend-1.0-SNAPSHOT.jar;C:\Users\VIVEK\.m2\repository\org\springframework\boot\spring-boot-starter-webflux\2.2.0.M4\spring-boot-starter-webflux-2.2.0.M4.jar;C:\Users\VIVEK\.m2\repository\org\springframework\boot\spring-boot-starter\2.2.0.M4\spring-boot-starter-2.2.0.M4.jar;C:\Users\VIVEK\.m2\repository\org\springframework\boot\spring-boot-starter-logging\2.2.0.M4\spring-boot-starter-logging-2.2.0.M4.jar;C:\Users\VIVEK\.m2\repository\ch\qos\logback\logback-classic\1.2.3\logback-classic-1.2.3.jar;C:\Users\VIVEK\.m2\repository\ch\qos\logback\logback-core\1.2.3\logback-core-1.2.3.jar;C:\Users\VIVEK\.m2\repository\org\apache\logging\log4j\log4j-to-slf4j\2.11.2\log4j-to-slf4j-2.11.2.jar;C:\Users\VIVEK\.m2\repository\org\apache\logging\log4j\log4j-api\2.11.2\log4j-api-2.11.2.jar;C:\Users\VIVEK\.m2\repository\org\slf4j\jul-to-slf4j\1.7.26\jul-to-slf4j-1.7.26.jar;C:\Users\VIVEK\.m2\repository\jakarta\annotation\jakarta.annotation-api\1.3.4\jakarta.annotation-api-1.3.4.jar;C:\Users\VIVEK\.m2\repository\org\yaml\snakeyaml\1.24\snakeyaml-1.24.jar;C:\Users\VIVEK\.m2\repository\org\springframework\boot\spring-boot-starter-json\2.2.0.M4\spring-boot-starter-json-2.2.0.M4.jar;C:\Users\VIVEK\.m2\repository\com\fasterxml\jackson\core\jackson-databind\2.9.9\jackson-databind-2.9.9.jar;C:\Users\VIVEK\.m2\repository\com\fasterxml\jackson\core\jackson-annotations\2.9.0\jackson-annotations-2.9.0.jar;C:\Users\VIVEK\.m2\repository\com\fasterxml\jackson\core\jackson-core\2.9.9\jackson-core-2.9.9.jar;C:\Users\VIVEK\.m2\repository\com\fasterxml\jackson\datatype\jackson-datatype-jdk8\2.9.9\jackson-datatype-jdk8-2.9.9.jar;C:\Users\VIVEK\.m2\repository\com\fasterxml\jackson\datatype\jackson-datatype-jsr310\2.9.9\jackson-datatype-jsr310-2.9.9.jar;C:\Users\VIVEK\.m2\repository\com\fasterxml\jackson\module\jackson-module-parameter-names\2.9.9\jackson-module-parameter-names-2.9.9.jar;C:\Users\VIVEK\.m2\repository\org\springframework\boot\spring-boot-starter-reactor-netty\2.2.0.M4\spring-boot-starter-reactor-netty-2.2.0.M4.jar;C:\Users\VIVEK\.m2\repository\io\projectreactor\netty\reactor-netty\0.9.0.M2\reactor-netty-0.9.0.M2.jar;C:\Users\VIVEK\.m2\repository\io\netty\netty-codec-http\4.1.36.Final\netty-codec-http-4.1.36.Final.jar;C:\Users\VIVEK\.m2\repository\io\netty\netty-common\4.1.36.Final\netty-common-4.1.36.Final.jar;C:\Users\VIVEK\.m2\repository\io\netty\netty-buffer\4.1.36.Final\netty-buffer-4.1.36.Final.jar;C:\Users\VIVEK\.m2\repository\io\netty\netty-transport\4.1.36.Final\netty-transport-4.1.36.Final.jar;C:\Users\VIVEK\.m2\repository\io\netty\netty-resolver\4.1.36.Final\netty-resolver-4.1.36.Final.jar;C:\Users\VIVEK\.m2\repository\io\netty\netty-codec\4.1.36.Final\netty-codec-4.1.36.Final.jar;C:\Users\VIVEK\.m2\repository\io\netty\netty-codec-http2\4.1.36.Final\netty-codec-http2-4.1.36.Final.jar;C:\Users\VIVEK\.m2\repository\io\netty\netty-handler\4.1.36.Final\netty-handler-4.1.36.Final.jar;C:\Users\VIVEK\.m2\repository\io\netty\netty-handler-proxy\4.1.36.Final\netty-handler-proxy-4.1.36.Final.jar;C:\Users\VIVEK\.m2\repository\io\netty\netty-codec-socks\4.1.36.Final\netty-codec-socks-4.1.36.Final.jar;C:\Users\VIVEK\.m2\repository\io\netty\netty-transport-native-epoll\4.1.36.Final\netty-transport-native-epoll-4.1.36.Final-linux-x86_64.jar;C:\Users\VIVEK\.m2\repository\io\netty\netty-transport-native-unix-common\4.1.36.Final\netty-transport-native-unix-common-4.1.36.Final.jar;C:\Users\VIVEK\.m2\repository\org\glassfish\jakarta.el\3.0.2\jakarta.el-3.0.2.jar;C:\Users\VIVEK\.m2\repository\org\springframework\boot\spring-boot-starter-validation\2.2.0.M4\spring-boot-starter-validation-2.2.0.M4.jar;C:\Users\VIVEK\.m2\repository\jakarta\validation\jakarta.validation-api\2.0.1\jakarta.validation-api-2.0.1.jar;C:\Users\VIVEK\.m2\repository\org\hibernate\validator\hibernate-validator\6.0.17.Final\hibernate-validator-6.0.17.Final.jar;C:\Users\VIVEK\.m2\repository\org\jboss\logging\jboss-logging\3.4.0.Final\jboss-logging-3.4.0.Final.jar;C:\Users\VIVEK\.m2\repository\com\fasterxml\classmate\1.5.0\classmate-1.5.0.jar;C:\Users\VIVEK\.m2\repository\org\springframework\spring-web\5.2.0.M3\spring-web-5.2.0.M3.jar;C:\Users\VIVEK\.m2\repository\org\springframework\spring-beans\5.2.0.M3\spring-beans-5.2.0.M3.jar;C:\Users\VIVEK\.m2\repository\org\springframework\spring-webflux\5.2.0.M3\spring-webflux-5.2.0.M3.jar;C:\Users\VIVEK\.m2\repository\org\springframework\boot\spring-boot-devtools\2.2.0.M4\spring-boot-devtools-2.2.0.M4.jar;C:\Users\VIVEK\.m2\repository\org\springframework\boot\spring-boot\2.2.0.M4\spring-boot-2.2.0.M4.jar;C:\Users\VIVEK\.m2\repository\org\springframework\spring-context\5.2.0.M3\spring-context-5.2.0.M3.jar;C:\Users\VIVEK\.m2\repository\org\springframework\spring-aop\5.2.0.M3\spring-aop-5.2.0.M3.jar;C:\Users\VIVEK\.m2\repository\org\springframework\spring-expression\5.2.0.M3\spring-expression-5.2.0.M3.jar;C:\Users\VIVEK\.m2\repository\org\springframework\boot\spring-boot-autoconfigure\2.2.0.M4\spring-boot-autoconfigure-2.2.0.M4.jar;C:\Users\VIVEK\.m2\repository\org\springframework\boot\spring-boot-starter-test\2.2.0.M4\spring-boot-starter-test-2.2.0.M4.jar;C:\Users\VIVEK\.m2\repository\org\springframework\boot\spring-boot-test\2.2.0.M4\spring-boot-test-2.2.0.M4.jar;C:\Users\VIVEK\.m2\repository\org\springframework\boot\spring-boot-test-autoconfigure\2.2.0.M4\spring-boot-test-autoconfigure-2.2.0.M4.jar;C:\Users\VIVEK\.m2\repository\com\jayway\jsonpath\json-path\2.4.0\json-path-2.4.0.jar;C:\Users\VIVEK\.m2\repository\net\minidev\json-smart\2.3\json-smart-2.3.jar;C:\Users\VIVEK\.m2\repository\net\minidev\accessors-smart\1.2\accessors-smart-1.2.jar;C:\Users\VIVEK\.m2\repository\org\ow2\asm\asm\5.0.4\asm-5.0.4.jar;C:\Users\VIVEK\.m2\repository\org\slf4j\slf4j-api\1.7.26\slf4j-api-1.7.26.jar;C:\Users\VIVEK\.m2\repository\jakarta\xml\bind\jakarta.xml.bind-api\2.3.2\jakarta.xml.bind-api-2.3.2.jar;C:\Users\VIVEK\.m2\repository\jakarta\activation\jakarta.activation-api\1.2.1\jakarta.activation-api-1.2.1.jar;C:\Users\VIVEK\.m2\repository\org\junit\jupiter\junit-jupiter\5.4.2\junit-jupiter-5.4.2.jar;C:\Users\VIVEK\.m2\repository\org\junit\jupiter\junit-jupiter-api\5.4.2\junit-jupiter-api-5.4.2.jar;C:\Users\VIVEK\.m2\repository\org\apiguardian\apiguardian-api\1.0.0\apiguardian-api-1.0.0.jar;C:\Users\VIVEK\.m2\repository\org\opentest4j\opentest4j\1.1.1\opentest4j-1.1.1.jar;C:\Users\VIVEK\.m2\repository\org\junit\platform\junit-platform-commons\1.4.2\junit-platform-commons-1.4.2.jar;C:\Users\VIVEK\.m2\repository\org\junit\jupiter\junit-jupiter-params\5.4.2\junit-jupiter-params-5.4.2.jar;C:\Users\VIVEK\.m2\repository\org\junit\jupiter\junit-jupiter-engine\5.4.2\junit-jupiter-engine-5.4.2.jar;C:\Users\VIVEK\.m2\repository\org\junit\platform\junit-platform-engine\1.4.2\junit-platform-engine-1.4.2.jar;C:\Users\VIVEK\.m2\repository\org\mockito\mockito-junit-jupiter\2.28.2\mockito-junit-jupiter-2.28.2.jar;C:\Users\VIVEK\.m2\repository\org\assertj\assertj-core\3.12.2\assertj-core-3.12.2.jar;C:\Users\VIVEK\.m2\repository\org\hamcrest\hamcrest\2.1\hamcrest-2.1.jar;C:\Users\VIVEK\.m2\repository\org\mockito\mockito-core\2.28.2\mockito-core-2.28.2.jar;C:\Users\VIVEK\.m2\repository\net\bytebuddy\byte-buddy\1.9.13\byte-buddy-1.9.13.jar;C:\Users\VIVEK\.m2\repository\net\bytebuddy\byte-buddy-agent\1.9.13\byte-buddy-agent-1.9.13.jar;C:\Users\VIVEK\.m2\repository\org\objenesis\objenesis\2.6\objenesis-2.6.jar;C:\Users\VIVEK\.m2\repository\org\skyscreamer\jsonassert\1.5.0\jsonassert-1.5.0.jar;C:\Users\VIVEK\.m2\repository\com\vaadin\external\google\android-json\0.0.20131108.vaadin1\android-json-0.0.20131108.vaadin1.jar;C:\Users\VIVEK\.m2\repository\org\springframework\spring-core\5.2.0.M3\spring-core-5.2.0.M3.jar;C:\Users\VIVEK\.m2\repository\org\springframework\spring-jcl\5.2.0.M3\spring-jcl-5.2.0.M3.jar;C:\Users\VIVEK\.m2\repository\org\springframework\spring-test\5.2.0.M3\spring-test-5.2.0.M3.jar;C:\Users\VIVEK\.m2\repository\org\xmlunit\xmlunit-core\2.6.2\xmlunit-core-2.6.2.jar;C:\Users\VIVEK\.m2\repository\io\projectreactor\reactor-test\3.3.0.M2\reactor-test-3.3.0.M2.jar;C:\Users\VIVEK\.m2\repository\io\projectreactor\reactor-core\3.3.0.M2\reactor-core-3.3.0.M2.jar;C:\Users\VIVEK\.m2\repository\org\reactivestreams\reactive-streams\1.0.2\reactive-streams-1.0.2.jar;"/>
    <property name="java.vm.vendor" value="Oracle Corporation"/>
    <property name="sun.arch.data.model" value="64"/>
    <property name="user.variant" value=""/>
    <property name="java.vendor.url" value="https://java.oracle.com/"/>
    <property name="user.timezone" value="Asia/Calcutta"/>
    <property name="os.name" value="Windows 10"/>
    <property name="java.vm.specification.version" value="13"/>
    <property name="sun.java.launcher" value="SUN_STANDARD"/>
    <property name="user.country" value="US"/>
    <property name="sun.boot.library.path" value="C:\Program Files\Java\jdk-13.0.2\bin"/>
    <property name="sun.java.command" value="C:\Users\VIVEK\AppData\Local\Temp\surefire362762025594122622\surefirebooter3300779437960922674.jar C:\Users\VIVEK\AppData\Local\Temp\surefire362762025594122622 2020-07-24T17-45-54_055-jvmRun1 surefire2788517728914549286tmp surefire_04823284951016312109tmp"/>
    <property name="jdk.debug" value="release"/>
    <property name="surefire.test.class.path" value="C:\Users\VIVEK\Desktop\SNREDDY\agriculture-backend\target\test-classes;C:\Users\VIVEK\Desktop\SNREDDY\agriculture-backend\target\classes;C:\Users\VIVEK\Desktop\SNREDDY\agriculture-frontend\target\agriculture-frontend-1.0-SNAPSHOT.jar;C:\Users\VIVEK\.m2\repository\org\springframework\boot\spring-boot-starter-webflux\2.2.0.M4\spring-boot-starter-webflux-2.2.0.M4.jar;C:\Users\VIVEK\.m2\repository\org\springframework\boot\spring-boot-starter\2.2.0.M4\spring-boot-starter-2.2.0.M4.jar;C:\Users\VIVEK\.m2\repository\org\springframework\boot\spring-boot-starter-logging\2.2.0.M4\spring-boot-starter-logging-2.2.0.M4.jar;C:\Users\VIVEK\.m2\repository\ch\qos\logback\logback-classic\1.2.3\logback-classic-1.2.3.jar;C:\Users\VIVEK\.m2\repository\ch\qos\logback\logback-core\1.2.3\logback-core-1.2.3.jar;C:\Users\VIVEK\.m2\repository\org\apache\logging\log4j\log4j-to-slf4j\2.11.2\log4j-to-slf4j-2.11.2.jar;C:\Users\VIVEK\.m2\repository\org\apache\logging\log4j\log4j-api\2.11.2\log4j-api-2.11.2.jar;C:\Users\VIVEK\.m2\repository\org\slf4j\jul-to-slf4j\1.7.26\jul-to-slf4j-1.7.26.jar;C:\Users\VIVEK\.m2\repository\jakarta\annotation\jakarta.annotation-api\1.3.4\jakarta.annotation-api-1.3.4.jar;C:\Users\VIVEK\.m2\repository\org\yaml\snakeyaml\1.24\snakeyaml-1.24.jar;C:\Users\VIVEK\.m2\repository\org\springframework\boot\spring-boot-starter-json\2.2.0.M4\spring-boot-starter-json-2.2.0.M4.jar;C:\Users\VIVEK\.m2\repository\com\fasterxml\jackson\core\jackson-databind\2.9.9\jackson-databind-2.9.9.jar;C:\Users\VIVEK\.m2\repository\com\fasterxml\jackson\core\jackson-annotations\2.9.0\jackson-annotations-2.9.0.jar;C:\Users\VIVEK\.m2\repository\com\fasterxml\jackson\core\jackson-core\2.9.9\jackson-core-2.9.9.jar;C:\Users\VIVEK\.m2\repository\com\fasterxml\jackson\datatype\jackson-datatype-jdk8\2.9.9\jackson-datatype-jdk8-2.9.9.jar;C:\Users\VIVEK\.m2\repository\com\fasterxml\jackson\datatype\jackson-datatype-jsr310\2.9.9\jackson-datatype-jsr310-2.9.9.jar;C:\Users\VIVEK\.m2\repository\com\fasterxml\jackson\module\jackson-module-parameter-names\2.9.9\jackson-module-parameter-names-2.9.9.jar;C:\Users\VIVEK\.m2\repository\org\springframework\boot\spring-boot-starter-reactor-netty\2.2.0.M4\spring-boot-starter-reactor-netty-2.2.0.M4.jar;C:\Users\VIVEK\.m2\repository\io\projectreactor\netty\reactor-netty\0.9.0.M2\reactor-netty-0.9.0.M2.jar;C:\Users\VIVEK\.m2\repository\io\netty\netty-codec-http\4.1.36.Final\netty-codec-http-4.1.36.Final.jar;C:\Users\VIVEK\.m2\repository\io\netty\netty-common\4.1.36.Final\netty-common-4.1.36.Final.jar;C:\Users\VIVEK\.m2\repository\io\netty\netty-buffer\4.1.36.Final\netty-buffer-4.1.36.Final.jar;C:\Users\VIVEK\.m2\repository\io\netty\netty-transport\4.1.36.Final\netty-transport-4.1.36.Final.jar;C:\Users\VIVEK\.m2\repository\io\netty\netty-resolver\4.1.36.Final\netty-resolver-4.1.36.Final.jar;C:\Users\VIVEK\.m2\repository\io\netty\netty-codec\4.1.36.Final\netty-codec-4.1.36.Final.jar;C:\Users\VIVEK\.m2\repository\io\netty\netty-codec-http2\4.1.36.Final\netty-codec-http2-4.1.36.Final.jar;C:\Users\VIVEK\.m2\repository\io\netty\netty-handler\4.1.36.Final\netty-handler-4.1.36.Final.jar;C:\Users\VIVEK\.m2\repository\io\netty\netty-handler-proxy\4.1.36.Final\netty-handler-proxy-4.1.36.Final.jar;C:\Users\VIVEK\.m2\repository\io\netty\netty-codec-socks\4.1.36.Final\netty-codec-socks-4.1.36.Final.jar;C:\Users\VIVEK\.m2\repository\io\netty\netty-transport-native-epoll\4.1.36.Final\netty-transport-native-epoll-4.1.36.Final-linux-x86_64.jar;C:\Users\VIVEK\.m2\repository\io\netty\netty-transport-native-unix-common\4.1.36.Final\netty-transport-native-unix-common-4.1.36.Final.jar;C:\Users\VIVEK\.m2\repository\org\glassfish\jakarta.el\3.0.2\jakarta.el-3.0.2.jar;C:\Users\VIVEK\.m2\repository\org\springframework\boot\spring-boot-starter-validation\2.2.0.M4\spring-boot-starter-validation-2.2.0.M4.jar;C:\Users\VIVEK\.m2\repository\jakarta\validation\jakarta.validation-api\2.0.1\jakarta.validation-api-2.0.1.jar;C:\Users\VIVEK\.m2\repository\org\hibernate\validator\hibernate-validator\6.0.17.Final\hibernate-validator-6.0.17.Final.jar;C:\Users\VIVEK\.m2\repository\org\jboss\logging\jboss-logging\3.4.0.Final\jboss-logging-3.4.0.Final.jar;C:\Users\VIVEK\.m2\repository\com\fasterxml\classmate\1.5.0\classmate-1.5.0.jar;C:\Users\VIVEK\.m2\repository\org\springframework\spring-web\5.2.0.M3\spring-web-5.2.0.M3.jar;C:\Users\VIVEK\.m2\repository\org\springframework\spring-beans\5.2.0.M3\spring-beans-5.2.0.M3.jar;C:\Users\VIVEK\.m2\repository\org\springframework\spring-webflux\5.2.0.M3\spring-webflux-5.2.0.M3.jar;C:\Users\VIVEK\.m2\repository\org\springframework\boot\spring-boot-devtools\2.2.0.M4\spring-boot-devtools-2.2.0.M4.jar;C:\Users\VIVEK\.m2\repository\org\springframework\boot\spring-boot\2.2.0.M4\spring-boot-2.2.0.M4.jar;C:\Users\VIVEK\.m2\repository\org\springframework\spring-context\5.2.0.M3\spring-context-5.2.0.M3.jar;C:\Users\VIVEK\.m2\repository\org\springframework\spring-aop\5.2.0.M3\spring-aop-5.2.0.M3.jar;C:\Users\VIVEK\.m2\repository\org\springframework\spring-expression\5.2.0.M3\spring-expression-5.2.0.M3.jar;C:\Users\VIVEK\.m2\repository\org\springframework\boot\spring-boot-autoconfigure\2.2.0.M4\spring-boot-autoconfigure-2.2.0.M4.jar;C:\Users\VIVEK\.m2\repository\org\springframework\boot\spring-boot-starter-test\2.2.0.M4\spring-boot-starter-test-2.2.0.M4.jar;C:\Users\VIVEK\.m2\repository\org\springframework\boot\spring-boot-test\2.2.0.M4\spring-boot-test-2.2.0.M4.jar;C:\Users\VIVEK\.m2\repository\org\springframework\boot\spring-boot-test-autoconfigure\2.2.0.M4\spring-boot-test-autoconfigure-2.2.0.M4.jar;C:\Users\VIVEK\.m2\repository\com\jayway\jsonpath\json-path\2.4.0\json-path-2.4.0.jar;C:\Users\VIVEK\.m2\repository\net\minidev\json-smart\2.3\json-smart-2.3.jar;C:\Users\VIVEK\.m2\repository\net\minidev\accessors-smart\1.2\accessors-smart-1.2.jar;C:\Users\VIVEK\.m2\repository\org\ow2\asm\asm\5.0.4\asm-5.0.4.jar;C:\Users\VIVEK\.m2\repository\org\slf4j\slf4j-api\1.7.26\slf4j-api-1.7.26.jar;C:\Users\VIVEK\.m2\repository\jakarta\xml\bind\jakarta.xml.bind-api\2.3.2\jakarta.xml.bind-api-2.3.2.jar;C:\Users\VIVEK\.m2\repository\jakarta\activation\jakarta.activation-api\1.2.1\jakarta.activation-api-1.2.1.jar;C:\Users\VIVEK\.m2\repository\org\junit\jupiter\junit-jupiter\5.4.2\junit-jupiter-5.4.2.jar;C:\Users\VIVEK\.m2\repository\org\junit\jupiter\junit-jupiter-api\5.4.2\junit-jupiter-api-5.4.2.jar;C:\Users\VIVEK\.m2\repository\org\apiguardian\apiguardian-api\1.0.0\apiguardian-api-1.0.0.jar;C:\Users\VIVEK\.m2\repository\org\opentest4j\opentest4j\1.1.1\opentest4j-1.1.1.jar;C:\Users\VIVEK\.m2\repository\org\junit\platform\junit-platform-commons\1.4.2\junit-platform-commons-1.4.2.jar;C:\Users\VIVEK\.m2\repository\org\junit\jupiter\junit-jupiter-params\5.4.2\junit-jupiter-params-5.4.2.jar;C:\Users\VIVEK\.m2\repository\org\junit\jupiter\junit-jupiter-engine\5.4.2\junit-jupiter-engine-5.4.2.jar;C:\Users\VIVEK\.m2\repository\org\junit\platform\junit-platform-engine\1.4.2\junit-platform-engine-1.4.2.jar;C:\Users\VIVEK\.m2\repository\org\mockito\mockito-junit-jupiter\2.28.2\mockito-junit-jupiter-2.28.2.jar;C:\Users\VIVEK\.m2\repository\org\assertj\assertj-core\3.12.2\assertj-core-3.12.2.jar;C:\Users\VIVEK\.m2\repository\org\hamcrest\hamcrest\2.1\hamcrest-2.1.jar;C:\Users\VIVEK\.m2\repository\org\mockito\mockito-core\2.28.2\mockito-core-2.28.2.jar;C:\Users\VIVEK\.m2\repository\net\bytebuddy\byte-buddy\1.9.13\byte-buddy-1.9.13.jar;C:\Users\VIVEK\.m2\repository\net\bytebuddy\byte-buddy-agent\1.9.13\byte-buddy-agent-1.9.13.jar;C:\Users\VIVEK\.m2\repository\org\objenesis\objenesis\2.6\objenesis-2.6.jar;C:\Users\VIVEK\.m2\repository\org\skyscreamer\jsonassert\1.5.0\jsonassert-1.5.0.jar;C:\Users\VIVEK\.m2\repository\com\vaadin\external\google\android-json\0.0.20131108.vaadin1\android-json-0.0.20131108.vaadin1.jar;C:\Users\VIVEK\.m2\repository\org\springframework\spring-core\5.2.0.M3\spring-core-5.2.0.M3.jar;C:\Users\VIVEK\.m2\repository\org\springframework\spring-jcl\5.2.0.M3\spring-jcl-5.2.0.M3.jar;C:\Users\VIVEK\.m2\repository\org\springframework\spring-test\5.2.0.M3\spring-test-5.2.0.M3.jar;C:\Users\VIVEK\.m2\repository\org\xmlunit\xmlunit-core\2.6.2\xmlunit-core-2.6.2.jar;C:\Users\VIVEK\.m2\repository\io\projectreactor\reactor-test\3.3.0.M2\reactor-test-3.3.0.M2.jar;C:\Users\VIVEK\.m2\repository\io\projectreactor\reactor-core\3.3.0.M2\reactor-core-3.3.0.M2.jar;C:\Users\VIVEK\.m2\repository\org\reactivestreams\reactive-streams\1.0.2\reactive-streams-1.0.2.jar;"/>
    <property name="sun.cpu.endian" value="little"/>
    <property name="user.home" value="C:\Users\VIVEK"/>
    <property name="user.language" value="en"/>
    <property name="java.specification.vendor" value="Oracle Corporation"/>
    <property name="java.version.date" value="2020-01-14"/>
    <property name="java.home" value="C:\Program Files\Java\jdk-13.0.2"/>
    <property name="file.separator" value="\"/>
    <property name="basedir" value="C:\Users\VIVEK\Desktop\SNREDDY\agriculture-backend"/>
    <property name="java.vm.compressedOopsMode" value="32-bit"/>
    <property name="line.separator" value="&#10;"/>
    <property name="java.vm.specification.vendor" value="Oracle Corporation"/>
    <property name="java.specification.name" value="Java Platform API Specification"/>
    <property name="surefire.real.class.path" value="C:\Users\VIVEK\AppData\Local\Temp\surefire362762025594122622\surefirebooter3300779437960922674.jar"/>
    <property name="user.script" value=""/>
    <property name="sun.management.compiler" value="HotSpot 64-Bit Tiered Compilers"/>
    <property name="java.runtime.version" value="13.0.2+8"/>
    <property name="user.name" value="VIVEK"/>
    <property name="path.separator" value=";"/>
    <property name="os.version" value="10.0"/>
    <property name="java.runtime.name" value="Java(TM) SE Runtime Environment"/>
    <property name="file.encoding" value="Cp1252"/>
    <property name="java.vm.name" value="Java HotSpot(TM) 64-Bit Server VM"/>
    <property name="localRepository" value="C:\Users\VIVEK\.m2\repository"/>
    <property name="java.vendor.url.bug" value="https://bugreport.java.com/bugreport/"/>
    <property name="java.io.tmpdir" value="C:\Users\VIVEK\AppData\Local\Temp\"/>
    <property name="java.version" value="13.0.2"/>
    <property name="user.dir" value="C:\Users\VIVEK\Desktop\SNREDDY\agriculture-backend"/>
    <property name="os.arch" value="amd64"/>
    <property name="java.vm.specification.name" value="Java Virtual Machine Specification"/>
    <property name="sun.os.patch.level" value=""/>
    <property name="java.library.path" value="C:\Program Files\Java\jdk-13.0.2\bin;C:\WINDOWS\Sun\Java\bin;C:\WINDOWS\system32;C:\WINDOWS;C:\Users\VIVEK\bin;C:\Program Files\Git\mingw64\bin;C:\Program Files\Git\usr\local\bin;C:\Program Files\Git\usr\bin;C:\Program Files\Git\usr\bin;C:\Program Files\Git\mingw64\bin;C:\Program Files\Git\usr\bin;C:\Users\VIVEK\bin;C:\WINDOWS\system32;C:\WINDOWS;C:\WINDOWS\System32\Wbem;C:\WINDOWS\System32\WindowsPowerShell\v1.0;C:\WINDOWS\System32\OpenSSH;C:\Program Files\Microsoft SQL Server\110\DTS\Binn;C:\Program Files (x86)\Microsoft SQL Server\110\Tools\Binn;C:\Program Files\Microsoft SQL Server\110\Tools\Binn;C:\Program Files (x86)\Microsoft SQL Server\110\Tools\Binn\ManagementStudio;C:\Program Files (x86)\Microsoft Visual Studio 10.0\Common7\IDE\PrivateAssemblies;C:\Program Files (x86)\Microsoft SQL Server\110\DTS\Binn;C:\Program Files\Microsoft SQL Server\120\Tools\Binn;C:\Program Files (x86)\terraform;C:\Program Files\PuTTY;C:\Program Files\Java\jdk-13.0.2\bin;C:\apache-maven-3.6.3\bin;C:\Program Files\PowerShell\7-preview\preview;C:\Program Files\Docker\Docker\resources\bin;C:\ProgramData\DockerDesktop\version-bin;C:\Program Files\Git\cmd;C:\Users\VIVEK\AppData\Local\Programs\Python\Python38\Scripts;C:\Users\VIVEK\AppData\Local\Programs\Python\Python38;C:\Program Files\Java\jdk-13.0.1\bin;C:\Users\VIVEK\AppData\Local\Programs\Microsoft VS Code\bin;C:\Program Files\Git\usr\bin\vendor_perl;C:\Program Files\Git\usr\bin\core_perl;."/>
    <property name="java.vm.info" value="mixed mode, sharing"/>
    <property name="java.vendor" value="Oracle Corporation"/>
    <property name="java.vm.version" value="13.0.2+8"/>
    <property name="sun.io.unicode.encoding" value="UnicodeLittle"/>
    <property name="java.class.version" value="57.0"/>
  </properties>
  <testcase name="contextLoads" classname="agri.com.AppTest" time="0.804"/>
</testsuite>